# JRE version: Java(TM) SE Runtime Environment (7.0_45-b18) (build 1.7.0_45-b18)
# Java VM: Java HotSpot(TM) 64-Bit Server VM (24.45-b08 mixed mode linux-amd64 compressed oops)
Heap
 PSYoungGen      total 37376K, used 8662K [0x00000007d6800000, 0x00000007d9180000, 0x0000000800000000)
  eden space 32256K, 11% used [0x00000007d6800000,0x00000007d6b7d3a0,0x00000007d8780000)
  from space 5120K, 99% used [0x00000007d8c80000,0x00000007d9178460,0x00000007d9180000)
  to   space 5120K, 0% used [0x00000007d8780000,0x00000007d8780000,0x00000007d8c80000)
 ParOldGen       total 84992K, used 2189K [0x0000000783800000, 0x0000000788b00000, 0x00000007d6800000)
  object space 84992K, 2% used [0x0000000783800000,0x0000000783a236d8,0x0000000788b00000)
 PSPermGen       total 21504K, used 14309K [0x000000077e600000, 0x000000077fb00000, 0x0000000783800000)
  object space 21504K, 66% used [0x000000077e600000,0x000000077f3f9668,0x000000077fb00000)
GC Heap History (4 events):
Event: 1.980 GC heap before
{Heap before GC invocations=1 (full 0):
 PSYoungGen      total 37376K, used 32256K [0x00000007d6800000, 0x00000007d9180000, 0x0000000800000000)
  eden space 32256K, 100% used [0x00000007d6800000,0x00000007d8780000,0x00000007d8780000)
  from space 5120K, 0% used [0x00000007d8c80000,0x00000007d8c80000,0x00000007d9180000)
  to   space 5120K, 0% used [0x00000007d8780000,0x00000007d8780000,0x00000007d8c80000)
 ParOldGen       total 84992K, used 0K [0x0000000783800000, 0x0000000788b00000, 0x00000007d6800000)
  object space 84992K, 0% used [0x0000000783800000,0x0000000783800000,0x0000000788b00000)
 PSPermGen       total 21504K, used 10765K [0x000000077e600000, 0x000000077fb00000, 0x0000000783800000)
  object space 21504K, 50% used [0x000000077e600000,0x000000077f083460,0x000000077fb00000)
Event: 1.988 GC heap after
Heap after GC invocations=1 (full 0):
 PSYoungGen      total 37376K, used 1792K [0x00000007d6800000, 0x00000007d9180000, 0x0000000800000000)
  eden space 32256K, 0% used [0x00000007d6800000,0x00000007d6800000,0x00000007d8780000)
  from space 5120K, 35% used [0x00000007d8780000,0x00000007d8940020,0x00000007d8c80000)
  to   space 5120K, 0% used [0x00000007d8c80000,0x00000007d8c80000,0x00000007d9180000)
 ParOldGen       total 84992K, used 8K [0x0000000783800000, 0x0000000788b00000, 0x00000007d6800000)
  object space 84992K, 0% used [0x0000000783800000,0x0000000783802000,0x0000000788b00000)
 PSPermGen       total 21504K, used 10765K [0x000000077e600000, 0x000000077fb00000, 0x0000000783800000)
  object space 21504K, 50% used [0x000000077e600000,0x000000077f083460,0x000000077fb00000)
}
Event: 47.183 GC heap before
{Heap before GC invocations=2 (full 0):
 PSYoungGen      total 37376K, used 34048K [0x00000007d6800000, 0x00000007d9180000, 0x0000000800000000)
  eden space 32256K, 100% used [0x00000007d6800000,0x00000007d8780000,0x00000007d8780000)
  from space 5120K, 35% used [0x00000007d8780000,0x00000007d8940020,0x00000007d8c80000)
  to   space 5120K, 0% used [0x00000007d8c80000,0x00000007d8c80000,0x00000007d9180000)
 ParOldGen       total 84992K, used 8K [0x0000000783800000, 0x0000000788b00000, 0x00000007d6800000)
  object space 84992K, 0% used [0x0000000783800000,0x0000000783802000,0x0000000788b00000)
 PSPermGen       total 21504K, used 14219K [0x000000077e600000, 0x000000077fb00000, 0x0000000783800000)
  object space 21504K, 66% used [0x000000077e600000,0x000000077f3e2cd0,0x000000077fb00000)
Event: 47.189 GC heap after
Heap after GC invocations=2 (full 0):
 PSYoungGen      total 37376K, used 5089K [0x00000007d6800000, 0x00000007d9180000, 0x0000000800000000)
  eden space 32256K, 0% used [0x00000007d6800000,0x00000007d6800000,0x00000007d8780000)
  from space 5120K, 99% used [0x00000007d8c80000,0x00000007d9178460,0x00000007d9180000)
  to   space 5120K, 0% used [0x00000007d8780000,0x00000007d8780000,0x00000007d8c80000)
 ParOldGen       total 84992K, used 2189K [0x0000000783800000, 0x0000000788b00000, 0x00000007d6800000)
  object space 84992K, 2% used [0x0000000783800000,0x0000000783a236d8,0x0000000788b00000)
 PSPermGen       total 21504K, used 14219K [0x000000077e600000, 0x000000077fb00000, 0x0000000783800000)
  object space 21504K, 66% used [0x000000077e600000,0x000000077f3e2cd0,0x000000077fb00000)
}

