# JRE version: Java(TM) SE Runtime Environment (7.0_45-b18) (build 1.7.0_45-b18)
# Java VM: Java HotSpot(TM) 64-Bit Server VM (24.45-b08 mixed mode linux-amd64 compressed oops)
Heap
 PSYoungGen      total 37376K, used 13862K [0x00000007d6800000, 0x00000007d9180000, 0x0000000800000000)
  eden space 32256K, 27% used [0x00000007d6800000,0x00000007d708ca50,0x00000007d8780000)
  from space 5120K, 99% used [0x00000007d8c80000,0x00000007d917d120,0x00000007d9180000)
  to   space 5120K, 0% used [0x00000007d8780000,0x00000007d8780000,0x00000007d8c80000)
 ParOldGen       total 84992K, used 2517K [0x0000000783800000, 0x0000000788b00000, 0x00000007d6800000)
  object space 84992K, 2% used [0x0000000783800000,0x0000000783a754b0,0x0000000788b00000)
 PSPermGen       total 21504K, used 14585K [0x000000077e600000, 0x000000077fb00000, 0x0000000783800000)
  object space 21504K, 67% used [0x000000077e600000,0x000000077f43e678,0x000000077fb00000)
GC Heap History (4 events):
Event: 0.719 GC heap before
{Heap before GC invocations=1 (full 0):
 PSYoungGen      total 37376K, used 32256K [0x00000007d6800000, 0x00000007d9180000, 0x0000000800000000)
  eden space 32256K, 100% used [0x00000007d6800000,0x00000007d8780000,0x00000007d8780000)
  from space 5120K, 0% used [0x00000007d8c80000,0x00000007d8c80000,0x00000007d9180000)
  to   space 5120K, 0% used [0x00000007d8780000,0x00000007d8780000,0x00000007d8c80000)
 ParOldGen       total 84992K, used 0K [0x0000000783800000, 0x0000000788b00000, 0x00000007d6800000)
  object space 84992K, 0% used [0x0000000783800000,0x0000000783800000,0x0000000788b00000)
 PSPermGen       total 21504K, used 10759K [0x000000077e600000, 0x000000077fb00000, 0x0000000783800000)
  object space 21504K, 50% used [0x000000077e600000,0x000000077f081f60,0x000000077fb00000)
Event: 0.725 GC heap after
Heap after GC invocations=1 (full 0):
 PSYoungGen      total 37376K, used 1840K [0x00000007d6800000, 0x00000007d9180000, 0x0000000800000000)
  eden space 32256K, 0% used [0x00000007d6800000,0x00000007d6800000,0x00000007d8780000)
  from space 5120K, 35% used [0x00000007d8780000,0x00000007d894c010,0x00000007d8c80000)
  to   space 5120K, 0% used [0x00000007d8c80000,0x00000007d8c80000,0x00000007d9180000)
 ParOldGen       total 84992K, used 0K [0x0000000783800000, 0x0000000788b00000, 0x00000007d6800000)
  object space 84992K, 0% used [0x0000000783800000,0x0000000783800000,0x0000000788b00000)
 PSPermGen       total 21504K, used 10759K [0x000000077e600000, 0x000000077fb00000, 0x0000000783800000)
  object space 21504K, 50% used [0x000000077e600000,0x000000077f081f60,0x000000077fb00000)
}
Event: 38.011 GC heap before
{Heap before GC invocations=2 (full 0):
 PSYoungGen      total 37376K, used 34096K [0x00000007d6800000, 0x00000007d9180000, 0x0000000800000000)
  eden space 32256K, 100% used [0x00000007d6800000,0x00000007d8780000,0x00000007d8780000)
  from space 5120K, 35% used [0x00000007d8780000,0x00000007d894c010,0x00000007d8c80000)
  to   space 5120K, 0% used [0x00000007d8c80000,0x00000007d8c80000,0x00000007d9180000)
 ParOldGen       total 84992K, used 0K [0x0000000783800000, 0x0000000788b00000, 0x00000007d6800000)
  object space 84992K, 0% used [0x0000000783800000,0x0000000783800000,0x0000000788b00000)
 PSPermGen       total 21504K, used 14491K [0x000000077e600000, 0x000000077fb00000, 0x0000000783800000)
  object space 21504K, 67% used [0x000000077e600000,0x000000077f426e10,0x000000077fb00000)
Event: 38.020 GC heap after
Heap after GC invocations=2 (full 0):
 PSYoungGen      total 37376K, used 5108K [0x00000007d6800000, 0x00000007d9180000, 0x0000000800000000)
  eden space 32256K, 0% used [0x00000007d6800000,0x00000007d6800000,0x00000007d8780000)
  from space 5120K, 99% used [0x00000007d8c80000,0x00000007d917d120,0x00000007d9180000)
  to   space 5120K, 0% used [0x00000007d8780000,0x00000007d8780000,0x00000007d8c80000)
 ParOldGen       total 84992K, used 2517K [0x0000000783800000, 0x0000000788b00000, 0x00000007d6800000)
  object space 84992K, 2% used [0x0000000783800000,0x0000000783a754b0,0x0000000788b00000)
 PSPermGen       total 21504K, used 14491K [0x000000077e600000, 0x000000077fb00000, 0x0000000783800000)
  object space 21504K, 67% used [0x000000077e600000,0x000000077f426e10,0x000000077fb00000)
}

