# JRE version: Java(TM) SE Runtime Environment (7.0_45-b18) (build 1.7.0_45-b18)
# Java VM: Java HotSpot(TM) 64-Bit Server VM (24.45-b08 mixed mode linux-amd64 compressed oops)
Heap
 PSYoungGen      total 37376K, used 11188K [0x00000007d6800000, 0x00000007db100000, 0x0000000800000000)
  eden space 32256K, 18% used [0x00000007d6800000,0x00000007d6defd00,0x00000007d8780000)
  from space 5120K, 99% used [0x00000007dac00000,0x00000007db0fd660,0x00000007db100000)
  to   space 5120K, 0% used [0x00000007d8780000,0x00000007d8780000,0x00000007d8c80000)
 ParOldGen       total 84992K, used 2056K [0x0000000783800000, 0x0000000788b00000, 0x00000007d6800000)
  object space 84992K, 2% used [0x0000000783800000,0x0000000783a02268,0x0000000788b00000)
 PSPermGen       total 21504K, used 14558K [0x000000077e600000, 0x000000077fb00000, 0x0000000783800000)
  object space 21504K, 67% used [0x000000077e600000,0x000000077f437888,0x000000077fb00000)
GC Heap History (4 events):
Event: 1.560 GC heap before
{Heap before GC invocations=1 (full 0):
 PSYoungGen      total 37376K, used 32256K [0x00000007d6800000, 0x00000007d9180000, 0x0000000800000000)
  eden space 32256K, 100% used [0x00000007d6800000,0x00000007d8780000,0x00000007d8780000)
  from space 5120K, 0% used [0x00000007d8c80000,0x00000007d8c80000,0x00000007d9180000)
  to   space 5120K, 0% used [0x00000007d8780000,0x00000007d8780000,0x00000007d8c80000)
 ParOldGen       total 84992K, used 0K [0x0000000783800000, 0x0000000788b00000, 0x00000007d6800000)
  object space 84992K, 0% used [0x0000000783800000,0x0000000783800000,0x0000000788b00000)
 PSPermGen       total 21504K, used 10759K [0x000000077e600000, 0x000000077fb00000, 0x0000000783800000)
  object space 21504K, 50% used [0x000000077e600000,0x000000077f081f80,0x000000077fb00000)
Event: 1.580 GC heap after
Heap after GC invocations=1 (full 0):
 PSYoungGen      total 37376K, used 1744K [0x00000007d6800000, 0x00000007db100000, 0x0000000800000000)
  eden space 32256K, 0% used [0x00000007d6800000,0x00000007d6800000,0x00000007d8780000)
  from space 5120K, 34% used [0x00000007d8780000,0x00000007d8934010,0x00000007d8c80000)
  to   space 5120K, 0% used [0x00000007dac00000,0x00000007dac00000,0x00000007db100000)
 ParOldGen       total 84992K, used 0K [0x0000000783800000, 0x0000000788b00000, 0x00000007d6800000)
  object space 84992K, 0% used [0x0000000783800000,0x0000000783800000,0x0000000788b00000)
 PSPermGen       total 21504K, used 10759K [0x000000077e600000, 0x000000077fb00000, 0x0000000783800000)
  object space 21504K, 50% used [0x000000077e600000,0x000000077f081f80,0x000000077fb00000)
}
Event: 31.193 GC heap before
{Heap before GC invocations=2 (full 0):
 PSYoungGen      total 37376K, used 34000K [0x00000007d6800000, 0x00000007db100000, 0x0000000800000000)
  eden space 32256K, 100% used [0x00000007d6800000,0x00000007d8780000,0x00000007d8780000)
  from space 5120K, 34% used [0x00000007d8780000,0x00000007d8934010,0x00000007d8c80000)
  to   space 5120K, 0% used [0x00000007dac00000,0x00000007dac00000,0x00000007db100000)
 ParOldGen       total 84992K, used 0K [0x0000000783800000, 0x0000000788b00000, 0x00000007d6800000)
  object space 84992K, 0% used [0x0000000783800000,0x0000000783800000,0x0000000788b00000)
 PSPermGen       total 21504K, used 14039K [0x000000077e600000, 0x000000077fb00000, 0x0000000783800000)
  object space 21504K, 65% used [0x000000077e600000,0x000000077f3b5fc0,0x000000077fb00000)
Event: 31.200 GC heap after
Heap after GC invocations=2 (full 0):
 PSYoungGen      total 37376K, used 5109K [0x00000007d6800000, 0x00000007db100000, 0x0000000800000000)
  eden space 32256K, 0% used [0x00000007d6800000,0x00000007d6800000,0x00000007d8780000)
  from space 5120K, 99% used [0x00000007dac00000,0x00000007db0fd660,0x00000007db100000)
  to   space 5120K, 0% used [0x00000007d8780000,0x00000007d8780000,0x00000007d8c80000)
 ParOldGen       total 84992K, used 2056K [0x0000000783800000, 0x0000000788b00000, 0x00000007d6800000)
  object space 84992K, 2% used [0x0000000783800000,0x0000000783a02268,0x0000000788b00000)
 PSPermGen       total 21504K, used 14039K [0x000000077e600000, 0x000000077fb00000, 0x0000000783800000)
  object space 21504K, 65% used [0x000000077e600000,0x000000077f3b5fc0,0x000000077fb00000)
}

